12:36:48: Creating resource group General
12:36:48: Creating resource group Internal
12:36:48: Creating resource group Autodetect
12:36:48: SceneManagerFactory for type 'DefaultSceneManager' registered.
12:36:48: Registering ResourceManager for type Material
12:36:48: Registering ResourceManager for type Mesh
12:36:48: Registering ResourceManager for type Skeleton
12:36:48: MovableObjectFactory for type 'ParticleSystem' registered.
12:36:48: OverlayElementFactory for type Panel registered.
12:36:48: OverlayElementFactory for type BorderPanel registered.
12:36:48: OverlayElementFactory for type TextArea registered.
12:36:48: Registering ResourceManager for type Font
12:36:48: ArchiveFactory for archive type FileSystem registered.
12:36:48: ArchiveFactory for archive type Zip registered.
12:36:48: DDS codec registering
12:36:48: FreeImage version: 3.13.1
12:36:48: This program uses FreeImage, a free, open source image library supporting all common bitmap formats. See http://freeimage.sourceforge.net for details
12:36:48: Supported formats: bmp,ico,jpg,jif,jpeg,jpe,jng,koa,iff,lbm,mng,pbm,pbm,pcd,pcx,pgm,pgm,png,ppm,ppm,ras,tga,targa,tif,tiff,wap,wbmp,wbm,psd,cut,xbm,xpm,gif,hdr,g3,sgi,exr,j2k,j2c,jp2,pfm,pct,pict,pic,bay,bmq,cr2,crw,cs1,dc2,dcr,dng,erf,fff,hdr,k25,kdc,mdc,mos,mrw,nef,orf,pef,pxn,raf,raw,rdc,sr2,srf,arw,3fr,cine,ia,kc2,mef,nrw,qtk,rw2,sti,drf,dsc,ptx,cap,iiq,rwz
12:36:48: Registering ResourceManager for type HighLevelGpuProgram
12:36:48: Registering ResourceManager for type Compositor
12:36:48: MovableObjectFactory for type 'Entity' registered.
12:36:48: MovableObjectFactory for type 'Light' registered.
12:36:48: MovableObjectFactory for type 'BillboardSet' registered.
12:36:48: MovableObjectFactory for type 'ManualObject' registered.
12:36:48: MovableObjectFactory for type 'BillboardChain' registered.
12:36:48: MovableObjectFactory for type 'RibbonTrail' registered.
12:36:48: Loading library .\RenderSystem_Direct3D9
12:36:48: Installing plugin: D3D9 RenderSystem
12:36:48: D3D9 : Direct3D9 Rendering Subsystem created.
12:36:48: D3D9: Driver Detection Starts
12:36:48: D3D9: Driver Detection Ends
12:36:48: Plugin successfully installed
12:36:48: Loading library .\RenderSystem_GL
12:36:48: Installing plugin: GL RenderSystem
12:36:48: OpenGL Rendering Subsystem created.
12:36:48: Plugin successfully installed
12:36:48: Loading library .\Plugin_ParticleFX
12:36:48: Installing plugin: ParticleFX
12:36:48: Particle Emitter Type 'Point' registered
12:36:48: Particle Emitter Type 'Box' registered
12:36:48: Particle Emitter Type 'Ellipsoid' registered
12:36:48: Particle Emitter Type 'Cylinder' registered
12:36:48: Particle Emitter Type 'Ring' registered
12:36:48: Particle Emitter Type 'HollowEllipsoid' registered
12:36:48: Particle Affector Type 'LinearForce' registered
12:36:48: Particle Affector Type 'ColourFader' registered
12:36:48: Particle Affector Type 'ColourFader2' registered
12:36:48: Particle Affector Type 'ColourImage' registered
12:36:48: Particle Affector Type 'ColourInterpolator' registered
12:36:48: Particle Affector Type 'Scaler' registered
12:36:48: Particle Affector Type 'Rotator' registered
12:36:48: Particle Affector Type 'DirectionRandomiser' registered
12:36:48: Particle Affector Type 'DeflectorPlane' registered
12:36:48: Plugin successfully installed
12:36:48: Loading library .\Plugin_BSPSceneManager
12:36:48: Installing plugin: BSP Scene Manager
12:36:48: Plugin successfully installed
12:36:48: Loading library .\Plugin_OctreeSceneManager
12:36:48: Installing plugin: Octree & Terrain Scene Manager
12:36:48: Plugin successfully installed
12:36:48: Loading library .\Plugin_CgProgramManager
12:36:48: Installing plugin: Cg Program Manager
12:36:48: Plugin successfully installed
12:36:48: *-*-* OGRE Initialising
12:36:48: *-*-* Version 1.7.1 (Cthugha)
12:36:48: D3D9 : RenderSystem Option: Allow NVPerfHUD = No
12:36:48: D3D9 : RenderSystem Option: FSAA = 0
12:36:48: D3D9 : RenderSystem Option: Floating-point mode = Fastest
12:36:48: D3D9 : RenderSystem Option: Full Screen = No
12:36:48: D3D9 : RenderSystem Option: Rendering Device = Monitor-1-Intel(R) UHD Graphics
12:36:48: D3D9 : RenderSystem Option: Resource Creation Policy = Create on all devices
12:36:48: D3D9 : RenderSystem Option: VSync = No
12:36:48: D3D9 : RenderSystem Option: VSync Interval = 1
12:36:48: D3D9 : RenderSystem Option: Video Mode = 800 x 600 @ 32-bit colour
12:36:48: D3D9 : RenderSystem Option: sRGB Gamma Conversion = No
12:36:49: CPU Identifier & Features
12:36:49: -------------------------
12:36:49:  *   CPU ID: GenuineIntel: Intel(R) Core(TM) i7-10750H CPU @ 2.60GHz
12:36:49:  *      SSE: yes
12:36:49:  *     SSE2: yes
12:36:49:  *     SSE3: yes
12:36:49:  *      MMX: yes
12:36:49:  *   MMXEXT: yes
12:36:49:  *    3DNOW: no
12:36:49:  * 3DNOWEXT: no
12:36:49:  *     CMOV: yes
12:36:49:  *      TSC: yes
12:36:49:  *      FPU: yes
12:36:49:  *      PRO: yes
12:36:49:  *       HT: no
12:36:49: -------------------------
12:36:49: D3D9 : Subsystem Initialising
12:36:49: Registering ResourceManager for type Texture
12:36:49: Registering ResourceManager for type GpuProgram
12:36:49: D3D9RenderSystem::_createRenderWindow "MOGRE Sample Browser", 800x600 windowed  miscParams: FSAA=0 FSAAHint= colourDepth=32 gamma=false monitorIndex=0 useNVPerfHUD=false vsync=false vsyncInterval=1 
12:36:49: D3D9 : Created D3D9 Rendering Window 'MOGRE Sample Browser' : 800x600, 32bpp
12:36:49: D3D9 : WARNING - disabling VSync in windowed mode can cause timing issues at lower frame rates, turn VSync on if you observe this problem.
12:36:49: D3D9: Vertex texture format supported - PF_L8
12:36:49: D3D9: Vertex texture format supported - PF_L16
12:36:49: D3D9: Vertex texture format supported - PF_A8
12:36:49: D3D9: Vertex texture format supported - PF_A4L4
12:36:49: D3D9: Vertex texture format supported - PF_BYTE_LA
12:36:49: D3D9: Vertex texture format supported - PF_R5G6B5
12:36:49: D3D9: Vertex texture format supported - PF_B5G6R5
12:36:49: D3D9: Vertex texture format supported - PF_A4R4G4B4
12:36:49: D3D9: Vertex texture format supported - PF_A1R5G5B5
12:36:49: D3D9: Vertex texture format supported - PF_A8R8G8B8
12:36:49: D3D9: Vertex texture format supported - PF_A8B8G8R8
12:36:49: D3D9: Vertex texture format supported - PF_B8G8R8A8
12:36:49: D3D9: Vertex texture format supported - PF_A2R10G10B10
12:36:49: D3D9: Vertex texture format supported - PF_A2B10G10R10
12:36:49: D3D9: Vertex texture format supported - PF_DXT1
12:36:49: D3D9: Vertex texture format supported - PF_DXT2
12:36:49: D3D9: Vertex texture format supported - PF_DXT3
12:36:49: D3D9: Vertex texture format supported - PF_DXT4
12:36:49: D3D9: Vertex texture format supported - PF_DXT5
12:36:49: D3D9: Vertex texture format supported - PF_FLOAT16_RGB
12:36:49: D3D9: Vertex texture format supported - PF_FLOAT16_RGBA
12:36:49: D3D9: Vertex texture format supported - PF_FLOAT32_RGB
12:36:49: D3D9: Vertex texture format supported - PF_FLOAT32_RGBA
12:36:49: D3D9: Vertex texture format supported - PF_X8R8G8B8
12:36:49: D3D9: Vertex texture format supported - PF_R8G8B8A8
12:36:49: D3D9: Vertex texture format supported - PF_DEPTH
12:36:49: D3D9: Vertex texture format supported - PF_SHORT_RGBA
12:36:49: D3D9: Vertex texture format supported - PF_FLOAT16_R
12:36:49: D3D9: Vertex texture format supported - PF_FLOAT32_R
12:36:49: D3D9: Vertex texture format supported - PF_SHORT_GR
12:36:49: D3D9: Vertex texture format supported - PF_FLOAT16_GR
12:36:49: D3D9: Vertex texture format supported - PF_FLOAT32_GR
12:36:49: D3D9: Vertex texture format supported - PF_SHORT_RGB
12:36:49: D3D9: Vertex texture format supported - PF_PVRTC_RGB2
12:36:49: D3D9: Vertex texture format supported - PF_PVRTC_RGBA2
12:36:49: D3D9: Vertex texture format supported - PF_PVRTC_RGB4
12:36:49: D3D9: Vertex texture format supported - PF_PVRTC_RGBA4
12:36:49: RenderSystem capabilities
12:36:49: -------------------------
12:36:49: RenderSystem Name: Direct3D9 Rendering Subsystem
12:36:49: GPU Vendor: intel
12:36:49: Device Name: Monitor-1-Intel(R) UHD Graphics
12:36:49: Driver Version: 27.20.100.9664
12:36:49:  * Fixed function pipeline: yes
12:36:49:  * Hardware generation of mipmaps: yes
12:36:49:  * Texture blending: yes
12:36:49:  * Anisotropic texture filtering: yes
12:36:49:  * Dot product texture operation: yes
12:36:49:  * Cube mapping: yes
12:36:49:  * Hardware stencil buffer: yes
12:36:49:    - Stencil depth: 8
12:36:49:    - Two sided stencil support: yes
12:36:49:    - Wrap stencil values: yes
12:36:49:  * Hardware vertex / index buffers: yes
12:36:49:  * Vertex programs: yes
12:36:49:  * Number of floating-point constants for vertex programs: 256
12:36:49:  * Number of integer constants for vertex programs: 16
12:36:49:  * Number of boolean constants for vertex programs: 16
12:36:49:  * Fragment programs: yes
12:36:49:  * Number of floating-point constants for fragment programs: 224
12:36:49:  * Number of integer constants for fragment programs: 16
12:36:49:  * Number of boolean constants for fragment programs: 16
12:36:49:  * Geometry programs: no
12:36:49:  * Number of floating-point constants for geometry programs: 0
12:36:49:  * Number of integer constants for geometry programs: 0
12:36:49:  * Number of boolean constants for geometry programs: 0
12:36:49:  * Supported Shader Profiles: hlsl ps_1_1 ps_1_2 ps_1_3 ps_1_4 ps_2_0 ps_2_a ps_2_b ps_2_x ps_3_0 vs_1_1 vs_2_0 vs_2_a vs_2_x vs_3_0
12:36:49:  * Texture Compression: yes
12:36:49:    - DXT: yes
12:36:49:    - VTC: no
12:36:49:    - PVRTC: no
12:36:49:  * Scissor Rectangle: yes
12:36:49:  * Hardware Occlusion Query: yes
12:36:49:  * User clip planes: yes
12:36:49:  * VET_UBYTE4 vertex element type: yes
12:36:49:  * Infinite far plane projection: yes
12:36:49:  * Hardware render-to-texture: yes
12:36:49:  * Floating point textures: yes
12:36:49:  * Non-power-of-two textures: yes
12:36:49:  * Volume textures: yes
12:36:49:  * Multiple Render Targets: 4
12:36:49:    - With different bit depths: yes
12:36:49:  * Point Sprites: yes
12:36:49:  * Extended point parameters: yes
12:36:49:  * Max Point Size: 10
12:36:49:  * Vertex texture fetch: yes
12:36:49:  * Number of world matrices: 0
12:36:49:  * Number of texture units: 8
12:36:49:  * Stencil buffer depth: 8
12:36:49:  * Number of vertex blend matrices: 0
12:36:49:    - Max vertex textures: 4
12:36:49:    - Vertex textures shared: no
12:36:49:  * Render to Vertex Buffer : no
12:36:49:  * DirectX per stage constants: yes
12:36:49: ***************************************
12:36:49: *** D3D9 : Subsystem Initialised OK ***
12:36:49: ***************************************
12:36:49: DefaultWorkQueue('Root') initialising on thread main.
12:36:49: Particle Renderer Type 'billboard' registered
12:36:49: SceneManagerFactory for type 'BspSceneManager' registered.
12:36:49: Registering ResourceManager for type BspLevel
12:36:49: SceneManagerFactory for type 'OctreeSceneManager' registered.
12:36:49: SceneManagerFactory for type 'TerrainSceneManager' registered.
12:36:50: Creating resource group Bootstrap
12:36:50: Added resource location './media/packs/SdkTrays.zip' of type 'Zip' to resource group 'Bootstrap'
12:36:50: Added resource location 'media' of type 'FileSystem' to resource group 'General'
12:36:50: Added resource location 'media/models' of type 'FileSystem' to resource group 'General'
12:36:50: Added resource location 'media/materials/scripts' of type 'FileSystem' to resource group 'General'
12:36:50: Added resource location 'media/materials/textures' of type 'FileSystem' to resource group 'General'
12:36:50: Added resource location 'media/materials/textures/nvidia' of type 'FileSystem' to resource group 'General'
12:36:50: Added resource location 'media/particle' of type 'FileSystem' to resource group 'General'
12:36:50: Added resource location 'media/physxcandywrapper' of type 'FileSystem' to resource group 'General'
12:36:50: Added resource location './media/packs/cubemapsJS.zip' of type 'Zip' to resource group 'General'
12:36:50: Added resource location './media/packs/Sinbad.zip' of type 'Zip' to resource group 'General'
12:36:50: Added resource location './media/packs/nxogre.zip' of type 'Zip' to resource group 'General'
12:36:50: Parsing scripts for resource group Autodetect
12:36:50: Finished parsing scripts for resource group Autodetect
12:36:50: Parsing scripts for resource group Bootstrap
12:36:50: Parsing script SdkTrays.material
12:36:50: Parsing script SdkTrays.fontdef
12:36:50: Parsing script SdkTrays.overlay
12:36:50: Bad element attribute line: '# you can offset the image to change the cursor "hotspot"' for element SdkTrays/Cursor in overlay 
12:36:50: Texture: sdk_cursor.png: Loading 1 faces(PF_A8R8G8B8,32x32x1) with  hardware generated mipmaps from Image. Internal format is PF_A8R8G8B8,32x32x1.
12:36:50: Texture: sdk_tray.png: Loading 1 faces(PF_A8R8G8B8,64x64x1) with  hardware generated mipmaps from Image. Internal format is PF_A8R8G8B8,64x64x1.
12:36:50: Texture: sdk_button_up.png: Loading 1 faces(PF_A8R8G8B8,128x32x1) with  hardware generated mipmaps from Image. Internal format is PF_A8R8G8B8,128x32x1.
12:36:50: Texture: sdk_text_box.png: Loading 1 faces(PF_A8R8G8B8,32x32x1) with  hardware generated mipmaps from Image. Internal format is PF_A8R8G8B8,32x32x1.
12:36:50: Texture: sdk_mini_tray.png: Loading 1 faces(PF_A8R8G8B8,32x32x1) with  hardware generated mipmaps from Image. Internal format is PF_A8R8G8B8,32x32x1.
12:36:50: Texture: sdk_track.png: Loading 1 faces(PF_A8R8G8B8,16x32x1) with  hardware generated mipmaps from Image. Internal format is PF_A8R8G8B8,16x32x1.
12:36:50: Texture: sdk_handle.png: Loading 1 faces(PF_A8R8G8B8,16x16x1) with  hardware generated mipmaps from Image. Internal format is PF_A8R8G8B8,16x16x1.
12:36:50: Texture: sdk_mini_text_box.png: Loading 1 faces(PF_A8R8G8B8,32x32x1) with  hardware generated mipmaps from Image. Internal format is PF_A8R8G8B8,32x32x1.
12:36:50: Texture: sdk_label.png: Loading 1 faces(PF_A8R8G8B8,32x32x1) with  hardware generated mipmaps from Image. Internal format is PF_A8R8G8B8,32x32x1.
12:36:50: Texture: sdk_separator.png: Loading 1 faces(PF_A8R8G8B8,64x16x1) with  hardware generated mipmaps from Image. Internal format is PF_A8R8G8B8,64x16x1.
12:36:50: Texture: sdk_logo.png: Loading 1 faces(PF_A8R8G8B8,128x64x1) with  hardware generated mipmaps from Image. Internal format is PF_A8R8G8B8,128x64x1.
12:36:50: Texture: sdk_shade.png: Loading 1 faces(PF_A8R8G8B8,64x48x1) with 5 generated mipmaps from Image. Internal format is PF_A8R8G8B8,64x48x1.
12:36:50: Texture: sdk_frame.png: Loading 1 faces(PF_A8R8G8B8,32x32x1) with  hardware generated mipmaps from Image. Internal format is PF_A8R8G8B8,32x32x1.
12:36:50: Texture: sdk_mini_text_box_over.png: Loading 1 faces(PF_A8R8G8B8,32x32x1) with  hardware generated mipmaps from Image. Internal format is PF_A8R8G8B8,32x32x1.
12:36:50: Texture: sdk_pulse.png: Loading 1 faces(PF_R8G8B8,8x1x1) with  hardware generated mipmaps from Image. Internal format is PF_X8R8G8B8,8x1x1.
12:36:50: Finished parsing scripts for resource group Bootstrap
12:36:50: Parsing scripts for resource group General
12:36:50: Parsing script Examples.material
12:36:50: Compiler error: reference to a non existing object in Examples.material(253)
12:36:50: OGRE EXCEPTION(6:FileNotFoundException): Cannot locate resource hdr.cg in resource group General or any other group. in ResourceGroupManager::openResource at ..\..\OgreMain\src\OgreResourceGroupManager.cpp (line 753)
12:36:50: High-level program Examples/MorningSkyBoxHDRfp encountered an error during loading and is thus not supported.
OGRE EXCEPTION(6:FileNotFoundException): Cannot locate resource hdr.cg in resource group General or any other group. in ResourceGroupManager::openResource at ..\..\OgreMain\src\OgreResourceGroupManager.cpp (line 753)
12:36:50: OGRE EXCEPTION(6:FileNotFoundException): Cannot locate resource hdr.cg in resource group General or any other group. in ResourceGroupManager::openResource at ..\..\OgreMain\src\OgreResourceGroupManager.cpp (line 753)
12:36:50: High-level program Examples/MorningCubeMapHDRfp encountered an error during loading and is thus not supported.
OGRE EXCEPTION(6:FileNotFoundException): Cannot locate resource hdr.cg in resource group General or any other group. in ResourceGroupManager::openResource at ..\..\OgreMain\src\OgreResourceGroupManager.cpp (line 753)
12:36:50: Compiler error: reference to a non existing object in Examples.material(772)
12:36:50: Compiler error: reference to a non existing object in Examples.material(784)
12:36:50: OGRE EXCEPTION(6:FileNotFoundException): Cannot locate resource Grass.cg in resource group General or any other group. in ResourceGroupManager::openResource at ..\..\OgreMain\src\OgreResourceGroupManager.cpp (line 753)
12:36:50: High-level program Examples/GrassWaverVp encountered an error during loading and is thus not supported.
OGRE EXCEPTION(6:FileNotFoundException): Cannot locate resource Grass.cg in resource group General or any other group. in ResourceGroupManager::openResource at ..\..\OgreMain\src\OgreResourceGroupManager.cpp (line 753)
12:36:50: OGRE EXCEPTION(2:InvalidParametersException): Named constants have not been initialised, perhaps a compile error. in GpuProgramParameters::_findNamedConstantDefinition at ..\..\OgreMain\src\OgreGpuProgramParams.cpp (line 1423)
12:36:50: Compiler error: invalid parameters in Examples.material(835): setting of constant failed
12:36:50: OGRE EXCEPTION(2:InvalidParametersException): Named constants have not been initialised, perhaps a compile error. in GpuProgramParameters::_findNamedConstantDefinition at ..\..\OgreMain\src\OgreGpuProgramParams.cpp (line 1423)
12:36:50: Compiler error: invalid parameters in Examples.material(837): setting of constant failed
12:36:50: OGRE EXCEPTION(2:InvalidParametersException): Named constants have not been initialised, perhaps a compile error. in GpuProgramParameters::_findNamedConstantDefinition at ..\..\OgreMain\src\OgreGpuProgramParams.cpp (line 1423)
12:36:50: Compiler error: invalid parameters in Examples.material(839): setting of constant failed
12:36:50: OGRE EXCEPTION(2:InvalidParametersException): Named constants have not been initialised, perhaps a compile error. in GpuProgramParameters::_findNamedConstantDefinition at ..\..\OgreMain\src\OgreGpuProgramParams.cpp (line 1423)
12:36:50: Compiler error: invalid parameters in Examples.material(840): setting of constant failed
12:36:50: OGRE EXCEPTION(2:InvalidParametersException): Named constants have not been initialised, perhaps a compile error. in GpuProgramParameters::_findNamedConstantDefinition at ..\..\OgreMain\src\OgreGpuProgramParams.cpp (line 1423)
12:36:50: Compiler error: invalid parameters in Examples.material(841): setting of constant failed
12:36:50: OGRE EXCEPTION(2:InvalidParametersException): Named constants have not been initialised, perhaps a compile error. in GpuProgramParameters::_findNamedConstantDefinition at ..\..\OgreMain\src\OgreGpuProgramParams.cpp (line 1423)
12:36:50: Compiler error: invalid parameters in Examples.material(843): setting of constant failed
12:36:50: OGRE EXCEPTION(6:FileNotFoundException): Cannot locate resource Grass.cg in resource group General or any other group. in ResourceGroupManager::openResource at ..\..\OgreMain\src\OgreResourceGroupManager.cpp (line 753)
12:36:50: High-level program Examples/GrassWaverTexVp encountered an error during loading and is thus not supported.
OGRE EXCEPTION(6:FileNotFoundException): Cannot locate resource Grass.cg in resource group General or any other group. in ResourceGroupManager::openResource at ..\..\OgreMain\src\OgreResourceGroupManager.cpp (line 753)
12:36:50: OGRE EXCEPTION(2:InvalidParametersException): Named constants have not been initialised, perhaps a compile error. in GpuProgramParameters::_findNamedConstantDefinition at ..\..\OgreMain\src\OgreGpuProgramParams.cpp (line 1423)
12:36:50: Compiler error: invalid parameters in Examples.material(855): setting of constant failed
12:36:50: OGRE EXCEPTION(2:InvalidParametersException): Named constants have not been initialised, perhaps a compile error. in GpuProgramParameters::_findNamedConstantDefinition at ..\..\OgreMain\src\OgreGpuProgramParams.cpp (line 1423)
12:36:50: Compiler error: invalid parameters in Examples.material(856): setting of constant failed
12:36:50: OGRE EXCEPTION(6:FileNotFoundException): Cannot locate resource Grass.cg in resource group General or any other group. in ResourceGroupManager::openResource at ..\..\OgreMain\src\OgreResourceGroupManager.cpp (line 753)
12:36:50: High-level program Examples/GrassWaverAmbientVp encountered an error during loading and is thus not supported.
OGRE EXCEPTION(6:FileNotFoundException): Cannot locate resource Grass.cg in resource group General or any other group. in ResourceGroupManager::openResource at ..\..\OgreMain\src\OgreResourceGroupManager.cpp (line 753)
12:36:50: OGRE EXCEPTION(2:InvalidParametersException): Named constants have not been initialised, perhaps a compile error. in GpuProgramParameters::_findNamedConstantDefinition at ..\..\OgreMain\src\OgreGpuProgramParams.cpp (line 1423)
12:36:50: Compiler error: invalid parameters in Examples.material(867): setting of constant failed
12:36:50: OGRE EXCEPTION(2:InvalidParametersException): Named constants have not been initialised, perhaps a compile error. in GpuProgramParameters::_findNamedConstantDefinition at ..\..\OgreMain\src\OgreGpuProgramParams.cpp (line 1423)
12:36:50: Compiler error: invalid parameters in Examples.material(868): setting of constant failed
12:36:50: OGRE EXCEPTION(2:InvalidParametersException): Named constants have not been initialised, perhaps a compile error. in GpuProgramParameters::_findNamedConstantDefinition at ..\..\OgreMain\src\OgreGpuProgramParams.cpp (line 1423)
12:36:50: Compiler error: invalid parameters in Examples.material(869): setting of constant failed
12:36:50: OGRE EXCEPTION(6:FileNotFoundException): Cannot locate resource Grass.cg in resource group General or any other group. in ResourceGroupManager::openResource at ..\..\OgreMain\src\OgreResourceGroupManager.cpp (line 753)
12:36:50: High-level program Examples/GrassWaverAmbientFp encountered an error during loading and is thus not supported.
OGRE EXCEPTION(6:FileNotFoundException): Cannot locate resource Grass.cg in resource group General or any other group. in ResourceGroupManager::openResource at ..\..\OgreMain\src\OgreResourceGroupManager.cpp (line 753)
12:36:50: OGRE EXCEPTION(6:FileNotFoundException): Cannot locate resource Grass.cg in resource group General or any other group. in ResourceGroupManager::openResource at ..\..\OgreMain\src\OgreResourceGroupManager.cpp (line 753)
12:36:50: High-level program Examples/GrassWaverFp encountered an error during loading and is thus not supported.
OGRE EXCEPTION(6:FileNotFoundException): Cannot locate resource Grass.cg in resource group General or any other group. in ResourceGroupManager::openResource at ..\..\OgreMain\src\OgreResourceGroupManager.cpp (line 753)
12:36:50: OGRE EXCEPTION(6:FileNotFoundException): Cannot locate resource Grass.cg in resource group General or any other group. in ResourceGroupManager::openResource at ..\..\OgreMain\src\OgreResourceGroupManager.cpp (line 753)
12:36:50: High-level program Examples/GrassWaverCasterVp encountered an error during loading and is thus not supported.
OGRE EXCEPTION(6:FileNotFoundException): Cannot locate resource Grass.cg in resource group General or any other group. in ResourceGroupManager::openResource at ..\..\OgreMain\src\OgreResourceGroupManager.cpp (line 753)
12:36:50: OGRE EXCEPTION(2:InvalidParametersException): Named constants have not been initialised, perhaps a compile error. in GpuProgramParameters::_findNamedConstantDefinition at ..\..\OgreMain\src\OgreGpuProgramParams.cpp (line 1423)
12:36:50: Compiler error: invalid parameters in Examples.material(899): setting of constant failed
12:36:50: OGRE EXCEPTION(2:InvalidParametersException): Named constants have not been initialised, perhaps a compile error. in GpuProgramParameters::_findNamedConstantDefinition at ..\..\OgreMain\src\OgreGpuProgramParams.cpp (line 1423)
12:36:50: Compiler error: invalid parameters in Examples.material(900): setting of constant failed
12:36:50: OGRE EXCEPTION(2:InvalidParametersException): Named constants have not been initialised, perhaps a compile error. in GpuProgramParameters::_findNamedConstantDefinition at ..\..\OgreMain\src\OgreGpuProgramParams.cpp (line 1423)
12:36:50: Compiler error: invalid parameters in Examples.material(901): setting of constant failed
12:36:50: OGRE EXCEPTION(6:FileNotFoundException): Cannot locate resource Grass.cg in resource group General or any other group. in ResourceGroupManager::openResource at ..\..\OgreMain\src\OgreResourceGroupManager.cpp (line 753)
12:36:50: High-level program Examples/GrassWaverCasterFp encountered an error during loading and is thus not supported.
OGRE EXCEPTION(6:FileNotFoundException): Cannot locate resource Grass.cg in resource group General or any other group. in ResourceGroupManager::openResource at ..\..\OgreMain\src\OgreResourceGroupManager.cpp (line 753)
12:36:50: OGRE EXCEPTION(6:FileNotFoundException): Cannot locate resource Grass.cg in resource group General or any other group. in ResourceGroupManager::openResource at ..\..\OgreMain\src\OgreResourceGroupManager.cpp (line 753)
12:36:50: High-level program Examples/GrassWaverReceiverVp encountered an error during loading and is thus not supported.
OGRE EXCEPTION(6:FileNotFoundException): Cannot locate resource Grass.cg in resource group General or any other group. in ResourceGroupManager::openResource at ..\..\OgreMain\src\OgreResourceGroupManager.cpp (line 753)
12:36:50: OGRE EXCEPTION(2:InvalidParametersException): Named constants have not been initialised, perhaps a compile error. in GpuProgramParameters::_findNamedConstantDefinition at ..\..\OgreMain\src\OgreGpuProgramParams.cpp (line 1423)
12:36:50: Compiler error: invalid parameters in Examples.material(922): setting of constant failed
12:36:50: OGRE EXCEPTION(2:InvalidParametersException): Named constants have not been initialised, perhaps a compile error. in GpuProgramParameters::_findNamedConstantDefinition at ..\..\OgreMain\src\OgreGpuProgramParams.cpp (line 1423)
12:36:50: Compiler error: invalid parameters in Examples.material(923): setting of constant failed
12:36:50: OGRE EXCEPTION(2:InvalidParametersException): Named constants have not been initialised, perhaps a compile error. in GpuProgramParameters::_findNamedConstantDefinition at ..\..\OgreMain\src\OgreGpuProgramParams.cpp (line 1423)
12:36:50: Compiler error: invalid parameters in Examples.material(924): setting of constant failed
12:36:50: OGRE EXCEPTION(2:InvalidParametersException): Named constants have not been initialised, perhaps a compile error. in GpuProgramParameters::_findNamedConstantDefinition at ..\..\OgreMain\src\OgreGpuProgramParams.cpp (line 1423)
12:36:50: Compiler error: invalid parameters in Examples.material(926): setting of constant failed
12:36:50: OGRE EXCEPTION(2:InvalidParametersException): Named constants have not been initialised, perhaps a compile error. in GpuProgramParameters::_findNamedConstantDefinition at ..\..\OgreMain\src\OgreGpuProgramParams.cpp (line 1423)
12:36:50: Compiler error: invalid parameters in Examples.material(928): setting of constant failed
12:36:50: OGRE EXCEPTION(2:InvalidParametersException): Named constants have not been initialised, perhaps a compile error. in GpuProgramParameters::_findNamedConstantDefinition at ..\..\OgreMain\src\OgreGpuProgramParams.cpp (line 1423)
12:36:50: Compiler error: invalid parameters in Examples.material(929): setting of constant failed
12:36:50: OGRE EXCEPTION(2:InvalidParametersException): Named constants have not been initialised, perhaps a compile error. in GpuProgramParameters::_findNamedConstantDefinition at ..\..\OgreMain\src\OgreGpuProgramParams.cpp (line 1423)
12:36:50: Compiler error: invalid parameters in Examples.material(931): setting of constant failed
12:36:50: OGRE EXCEPTION(6:FileNotFoundException): Cannot locate resource Grass.cg in resource group General or any other group. in ResourceGroupManager::openResource at ..\..\OgreMain\src\OgreResourceGroupManager.cpp (line 753)
12:36:50: High-level program Examples/GrassWaverReceiverFp encountered an error during loading and is thus not supported.
OGRE EXCEPTION(6:FileNotFoundException): Cannot locate resource Grass.cg in resource group General or any other group. in ResourceGroupManager::openResource at ..\..\OgreMain\src\OgreResourceGroupManager.cpp (line 753)
12:36:50: OGRE EXCEPTION(2:InvalidParametersException): Named constants have not been initialised, perhaps a compile error. in GpuProgramParameters::_findNamedConstantDefinition at ..\..\OgreMain\src\OgreGpuProgramParams.cpp (line 1423)
12:36:50: Compiler error: invalid parameters in Examples.material(945): setting of constant failed
12:36:50: OGRE EXCEPTION(2:InvalidParametersException): Named constants have not been initialised, perhaps a compile error. in GpuProgramParameters::_findNamedConstantDefinition at ..\..\OgreMain\src\OgreGpuProgramParams.cpp (line 1423)
12:36:50: Compiler error: invalid parameters in Examples.material(946): setting of constant failed
12:36:50: OGRE EXCEPTION(2:InvalidParametersException): Named constants have not been initialised, perhaps a compile error. in GpuProgramParameters::_findNamedConstantDefinition at ..\..\OgreMain\src\OgreGpuProgramParams.cpp (line 1423)
12:36:50: Compiler error: invalid parameters in Examples.material(947): setting of constant failed
12:36:50: Compiler error: reference to a non existing object in Examples.material(1281)
12:36:50: Compiler error: reference to a non existing object in Examples.material(1473)
12:36:50: Compiler error: reference to a non existing object in Examples.material(1508)
12:36:50: Compiler error: reference to a non existing object in Examples.material(1617)
12:36:50: Compiler error: reference to a non existing object in Examples.material(1622)
12:36:50: OGRE EXCEPTION(6:FileNotFoundException): Cannot locate resource Example_Basic.cg in resource group General or any other group. in ResourceGroupManager::openResource at ..\..\OgreMain\src\OgreResourceGroupManager.cpp (line 753)
12:36:50: High-level program Examples/ShowTangents_v encountered an error during loading and is thus not supported.
OGRE EXCEPTION(6:FileNotFoundException): Cannot locate resource Example_Basic.cg in resource group General or any other group. in ResourceGroupManager::openResource at ..\..\OgreMain\src\OgreResourceGroupManager.cpp (line 753)
12:36:50: OGRE EXCEPTION(2:InvalidParametersException): Named constants have not been initialised, perhaps a compile error. in GpuProgramParameters::_findNamedConstantDefinition at ..\..\OgreMain\src\OgreGpuProgramParams.cpp (line 1423)
12:36:50: Compiler error: invalid parameters in Examples.material(1696): setting of constant failed
12:36:50: OGRE EXCEPTION(6:FileNotFoundException): Cannot locate resource Example_Basic.cg in resource group General or any other group. in ResourceGroupManager::openResource at ..\..\OgreMain\src\OgreResourceGroupManager.cpp (line 753)
12:36:50: High-level program Examples/ShowNormals_v encountered an error during loading and is thus not supported.
OGRE EXCEPTION(6:FileNotFoundException): Cannot locate resource Example_Basic.cg in resource group General or any other group. in ResourceGroupManager::openResource at ..\..\OgreMain\src\OgreResourceGroupManager.cpp (line 753)
12:36:50: OGRE EXCEPTION(2:InvalidParametersException): Named constants have not been initialised, perhaps a compile error. in GpuProgramParameters::_findNamedConstantDefinition at ..\..\OgreMain\src\OgreGpuProgramParams.cpp (line 1423)
12:36:50: Compiler error: invalid parameters in Examples.material(1706): setting of constant failed
12:36:50: Compiler error: reference to a non existing object in Examples.material(1716)
12:36:50: OGRE EXCEPTION(6:FileNotFoundException): Cannot locate resource Example_Basic.cg in resource group General or any other group. in ResourceGroupManager::openResource at ..\..\OgreMain\src\OgreResourceGroupManager.cpp (line 753)
12:36:50: High-level program Examples/ShowUV_p encountered an error during loading and is thus not supported.
OGRE EXCEPTION(6:FileNotFoundException): Cannot locate resource Example_Basic.cg in resource group General or any other group. in ResourceGroupManager::openResource at ..\..\OgreMain\src\OgreResourceGroupManager.cpp (line 753)
12:36:50: OGRE EXCEPTION(6:FileNotFoundException): Cannot locate resource Example_Basic.cg in resource group General or any other group. in ResourceGroupManager::openResource at ..\..\OgreMain\src\OgreResourceGroupManager.cpp (line 753)
12:36:50: High-level program Examples/ShowUVdir3D encountered an error during loading and is thus not supported.
OGRE EXCEPTION(6:FileNotFoundException): Cannot locate resource Example_Basic.cg in resource group General or any other group. in ResourceGroupManager::openResource at ..\..\OgreMain\src\OgreResourceGroupManager.cpp (line 753)
12:36:50: Parsing script Ogre.material
12:36:50: Parsing script PhysxCandyWrapper.material
12:36:50: Parsing script Sinbad.material
12:36:50: Parsing script racecar.material
12:36:50: Parsing script wheel50cmx10cmx50cm.material
12:36:50: Parsing script photon.material
12:36:50: Parsing script cc.material
12:36:50: Parsing script emitted_emitter.particle
12:36:50: Parsing script Examples-Water.particle
12:36:50: Parsing script Examples.particle
12:36:50: Parsing script smoke.particle
12:36:50: Parsing script nxogre.zz.particle
12:36:50: Finished parsing scripts for resource group General
12:36:50: Parsing scripts for resource group Internal
12:36:50: Finished parsing scripts for resource group Internal
12:36:50: SampleBrowser initialized!
12:36:50: Font SdkTrays/Captionusing texture size 512x256
12:36:50: Info: Freetype returned null for character 160 in font SdkTrays/Caption
12:36:50: Texture: SdkTrays/CaptionTexture: Loading 1 faces(PF_BYTE_LA,512x256x1) with 0 generated mipmaps from Image. Internal format is PF_BYTE_LA,512x256x1.
12:36:50: Entering MainMenu...
12:36:50: Texture: stevecube_fr.jpg: Loading 1 faces(PF_R8G8B8,512x512x1) with  hardware generated mipmaps from Image. Internal format is PF_X8R8G8B8,512x512x1.
12:36:50: Texture: stevecube_bk.jpg: Loading 1 faces(PF_R8G8B8,512x512x1) with  hardware generated mipmaps from Image. Internal format is PF_X8R8G8B8,512x512x1.
12:36:50: Texture: stevecube_lf.jpg: Loading 1 faces(PF_R8G8B8,512x512x1) with  hardware generated mipmaps from Image. Internal format is PF_X8R8G8B8,512x512x1.
12:36:50: Texture: stevecube_rt.jpg: Loading 1 faces(PF_R8G8B8,512x512x1) with  hardware generated mipmaps from Image. Internal format is PF_X8R8G8B8,512x512x1.
12:36:50: Texture: stevecube_up.jpg: Loading 1 faces(PF_R8G8B8,512x512x1) with  hardware generated mipmaps from Image. Internal format is PF_X8R8G8B8,512x512x1.
12:36:50: Texture: stevecube_dn.jpg: Loading 1 faces(PF_R8G8B8,512x512x1) with  hardware generated mipmaps from Image. Internal format is PF_X8R8G8B8,512x512x1.
12:36:50: Font SdkTrays/Valueusing texture size 512x512
12:36:50: Info: Freetype returned null for character 127 in font SdkTrays/Value
12:36:50: Info: Freetype returned null for character 128 in font SdkTrays/Value
12:36:50: Info: Freetype returned null for character 129 in font SdkTrays/Value
12:36:50: Info: Freetype returned null for character 130 in font SdkTrays/Value
12:36:50: Info: Freetype returned null for character 131 in font SdkTrays/Value
12:36:50: Info: Freetype returned null for character 132 in font SdkTrays/Value
12:36:50: Info: Freetype returned null for character 133 in font SdkTrays/Value
12:36:50: Info: Freetype returned null for character 134 in font SdkTrays/Value
12:36:50: Info: Freetype returned null for character 135 in font SdkTrays/Value
12:36:50: Info: Freetype returned null for character 136 in font SdkTrays/Value
12:36:50: Info: Freetype returned null for character 137 in font SdkTrays/Value
12:36:50: Info: Freetype returned null for character 138 in font SdkTrays/Value
12:36:50: Info: Freetype returned null for character 139 in font SdkTrays/Value
12:36:50: Info: Freetype returned null for character 140 in font SdkTrays/Value
12:36:50: Info: Freetype returned null for character 141 in font SdkTrays/Value
12:36:50: Info: Freetype returned null for character 142 in font SdkTrays/Value
12:36:50: Info: Freetype returned null for character 143 in font SdkTrays/Value
12:36:50: Info: Freetype returned null for character 144 in font SdkTrays/Value
12:36:50: Info: Freetype returned null for character 145 in font SdkTrays/Value
12:36:50: Info: Freetype returned null for character 146 in font SdkTrays/Value
12:36:50: Info: Freetype returned null for character 147 in font SdkTrays/Value
12:36:50: Info: Freetype returned null for character 148 in font SdkTrays/Value
12:36:50: Info: Freetype returned null for character 149 in font SdkTrays/Value
12:36:50: Info: Freetype returned null for character 150 in font SdkTrays/Value
12:36:50: Info: Freetype returned null for character 151 in font SdkTrays/Value
12:36:50: Info: Freetype returned null for character 152 in font SdkTrays/Value
12:36:50: Info: Freetype returned null for character 153 in font SdkTrays/Value
12:36:50: Info: Freetype returned null for character 154 in font SdkTrays/Value
12:36:50: Info: Freetype returned null for character 155 in font SdkTrays/Value
12:36:50: Info: Freetype returned null for character 156 in font SdkTrays/Value
12:36:50: Info: Freetype returned null for character 157 in font SdkTrays/Value
12:36:50: Info: Freetype returned null for character 158 in font SdkTrays/Value
12:36:50: Info: Freetype returned null for character 159 in font SdkTrays/Value
12:36:50: Info: Freetype returned null for character 160 in font SdkTrays/Value
12:36:50: Texture: SdkTrays/ValueTexture: Loading 1 faces(PF_BYTE_LA,512x512x1) with 0 generated mipmaps from Image. Internal format is PF_BYTE_LA,512x512x1.
12:36:50: Texture: Thumb_Cloth.png: Loading 1 faces(PF_R8G8B8,512x512x1) with  hardware generated mipmaps from Image. Internal format is PF_X8R8G8B8,512x512x1.
12:36:50: Texture: sdk_bands.png: Loading 1 faces(PF_A8R8G8B8,2x32x1) with  hardware generated mipmaps from Image. Internal format is PF_A8R8G8B8,2x32x1.
12:36:51: Texture: sdk_button_over.png: Loading 1 faces(PF_A8R8G8B8,128x32x1) with  hardware generated mipmaps from Image. Internal format is PF_A8R8G8B8,128x32x1.
12:36:51: Texture: sdk_button_down.png: Loading 1 faces(PF_A8R8G8B8,128x32x1) with  hardware generated mipmaps from Image. Internal format is PF_A8R8G8B8,128x32x1.
12:36:51: Leaving MainMenu...
12:36:51: Texture: nxogre.floor.png: Loading 1 faces(PF_A8R8G8B8,512x512x1) with  hardware generated mipmaps from Image. Internal format is PF_A8R8G8B8,512x512x1.
12:36:51: Texture: nxogre.floor.shadowalpha.png: Loading 1 faces(PF_R8G8B8,1024x1024x1) with  hardware generated mipmaps from Image. Internal format is PF_X8R8G8B8,1024x1024x1.
12:36:51: Mesh: Loading cube.1m.mesh.
12:36:51: Texture: nxogre.cube.png: Loading 1 faces(PF_R8G8B8,512x512x1) with  hardware generated mipmaps from Image. Internal format is PF_X8R8G8B8,512x512x1.
12:36:51: Mesh: Loading cube.mesh.
12:36:51: Texture: wales.png: Loading 1 faces(PF_A8R8G8B8,800x480x1) with 5 generated mipmaps from Image. Internal format is PF_A8R8G8B8,800x480x1.
12:36:51: Texture: spot_shadow_fade.png: Loading 1 faces(PF_R8G8B8,128x128x1) with  hardware generated mipmaps from Image. Internal format is PF_X8R8G8B8,128x128x1.
12:36:59: Main loop quit
12:36:59: DefaultWorkQueue('Root') shutting down on thread main.
12:36:59: Unregistering ResourceManager for type BspLevel
12:36:59: *-*-* OGRE Shutdown
12:36:59: Unregistering ResourceManager for type Compositor
12:36:59: Unregistering ResourceManager for type Font
12:36:59: Unregistering ResourceManager for type Skeleton
12:36:59: Unregistering ResourceManager for type Mesh
12:36:59: Unregistering ResourceManager for type HighLevelGpuProgram
12:36:59: Uninstalling plugin: Cg Program Manager
12:36:59: Plugin successfully uninstalled
12:36:59: Unloading library .\Plugin_CgProgramManager
12:36:59: Uninstalling plugin: Octree & Terrain Scene Manager
12:36:59: Plugin successfully uninstalled
12:36:59: Unloading library .\Plugin_OctreeSceneManager
12:36:59: Uninstalling plugin: BSP Scene Manager
12:36:59: Plugin successfully uninstalled
12:36:59: Unloading library .\Plugin_BSPSceneManager
12:36:59: Uninstalling plugin: ParticleFX
12:36:59: Plugin successfully uninstalled
12:36:59: Unloading library .\Plugin_ParticleFX
12:36:59: Uninstalling plugin: GL RenderSystem
12:36:59: *** Stopping Win32GL Subsystem ***
12:36:59: Plugin successfully uninstalled
12:36:59: Unloading library .\RenderSystem_GL
12:36:59: Uninstalling plugin: D3D9 RenderSystem
12:36:59: D3D9 : Shutting down cleanly.
12:36:59: Unregistering ResourceManager for type Texture
12:36:59: Unregistering ResourceManager for type GpuProgram
12:36:59: D3D9 : Direct3D9 Rendering Subsystem destroyed.
12:36:59: Plugin successfully uninstalled
12:36:59: Unloading library .\RenderSystem_Direct3D9
12:36:59: Unregistering ResourceManager for type Material
